c:\users\yash malviya\source\repos\scratchengine\debug\vc142.pdb
c:\users\yash malviya\source\repos\scratchengine\debug\vc142.idb
c:\users\yash malviya\source\repos\scratchengine\debug\texturemanager.obj
c:\users\yash malviya\source\repos\scratchengine\debug\main.obj
c:\users\yash malviya\source\repos\scratchengine\debug\engine.obj
c:\users\yash malviya\source\repos\scratchengine\debug\warrior.obj
c:\users\yash malviya\source\repos\scratchengine\debug\scratchengine.exe
c:\users\yash malviya\source\repos\scratchengine\debug\scratchengine.ilk
c:\users\yash malviya\source\repos\scratchengine\debug\scratchengine.pdb
c:\users\yash malviya\source\repos\scratchengine\debug\scratchengine.tlog\cl.command.1.tlog
c:\users\yash malviya\source\repos\scratchengine\debug\scratchengine.tlog\cl.read.1.tlog
c:\users\yash malviya\source\repos\scratchengine\debug\scratchengine.tlog\cl.write.1.tlog
c:\users\yash malviya\source\repos\scratchengine\debug\scratchengine.tlog\link-cvtres.read.1.tlog
c:\users\yash malviya\source\repos\scratchengine\debug\scratchengine.tlog\link-cvtres.write.1.tlog
c:\users\yash malviya\source\repos\scratchengine\debug\scratchengine.tlog\link-rc.read.1.tlog
c:\users\yash malviya\source\repos\scratchengine\debug\scratchengine.tlog\link-rc.write.1.tlog
c:\users\yash malviya\source\repos\scratchengine\debug\scratchengine.tlog\link.6588-cvtres.read.1.tlog
c:\users\yash malviya\source\repos\scratchengine\debug\scratchengine.tlog\link.6588-cvtres.write.1.tlog
c:\users\yash malviya\source\repos\scratchengine\debug\scratchengine.tlog\link.6588-rc.read.1.tlog
c:\users\yash malviya\source\repos\scratchengine\debug\scratchengine.tlog\link.6588-rc.write.1.tlog
c:\users\yash malviya\source\repos\scratchengine\debug\scratchengine.tlog\link.6588.read.1.tlog
c:\users\yash malviya\source\repos\scratchengine\debug\scratchengine.tlog\link.6588.write.1.tlog
c:\users\yash malviya\source\repos\scratchengine\debug\scratchengine.tlog\link.command.1.tlog
c:\users\yash malviya\source\repos\scratchengine\debug\scratchengine.tlog\link.read.1.tlog
c:\users\yash malviya\source\repos\scratchengine\debug\scratchengine.tlog\link.write.1.tlog
